2024-03-19 22:54:23,042 - INFO - MI-FAQ - User  hat Semester Sommersemester 2022 geändert.
2024-03-21 22:43:41,068 - INFO - MI-FAQ - User  hat Kategorie Neue Kategorie geändert.
2024-03-21 22:43:55,699 - INFO - MI-FAQ - User  hat Kategorie Neue Kategorie gelöscht.
2024-03-26 00:36:37,219 - ERROR - MI-VVZ - Verbindung zur Datenbank nicht möglich!
2024-03-26 00:37:07,366 - ERROR - MI-VVZ - Verbindung zur Datenbank nicht möglich!
2024-03-26 00:38:02,366 - ERROR - MI-VVZ - Verbindung zur Datenbank nicht möglich!
2024-03-26 00:39:02,541 - ERROR - MI-VVZ - Verbindung zur Datenbank nicht möglich!
2024-03-26 00:42:14,256 - ERROR - MI-VVZ - Verbindung zur Datenbank nicht möglich!
2024-03-28 21:56:53,965 - INFO - MI-VVZ - User  hat Person: Kröner, D. geändert.
2024-03-28 22:13:53,973 - INFO - MI-VVZ - User  hat Modul: BOK-Kurs (BSc) geändert.
2024-03-28 22:46:17,873 - INFO - MI-VVZ - User  hat Kategorie: 1a. Einführende Vorlesungen und Pflichtvorlesungen der verschiedenen Studiengänge (2024SS) geändert.
2024-03-28 22:54:32,797 - INFO - MI-VVZ - User  hat Code: Pflichtveranstaltung im Bachelor-Studiengang Mathematik (2024SS) geändert.
2024-03-28 22:54:41,174 - INFO - MI-VVZ - User  hat Code: Pflichtveranstaltung im 2-HF-Bachelor (2024SS) geändert.
2024-03-28 23:31:28,572 - INFO - MI-VVZ - User  hat Code: Neuer Code (2024SS) geändert.
2024-03-29 22:20:44,431 - INFO - MI-VVZ - User  hat Semester Wintersemester 2024/25 gelöscht.
2024-03-29 22:24:33,946 - INFO - MI-VVZ - User  hat Semester Wintersemester 2024/25 gelöscht.
2024-03-29 22:26:18,654 - INFO - MI-VVZ - User  hat Semester Wintersemester 2024/25 gelöscht.
2024-03-29 22:28:20,653 - INFO - MI-VVZ - User  hat Semester Wintersemester 2024/25 gelöscht.
2024-03-29 22:32:20,666 - INFO - MI-VVZ - User  hat Semester Wintersemester 2024/25 gelöscht.
2024-03-29 22:36:10,980 - INFO - MI-VVZ - User  hat Semester Wintersemester 2024/25 gelöscht.
2024-03-29 22:41:08,061 - INFO - MI-VVZ - User  hat Semester  gelöscht.
2024-03-29 22:42:19,288 - INFO - MI-VVZ - User  hat Semester Wintersemester 2024/25 gelöscht.
2024-03-29 22:44:49,539 - INFO - MI-VVZ - User  hat Semester Wintersemester 2024/25 gelöscht.
2024-03-29 22:45:04,233 - INFO - MI-VVZ - User  hat Semester Wintersemester 2024/25 gelöscht.
2024-03-29 22:49:43,714 - INFO - MI-VVZ - User  hat Semester Wintersemester 2024/25 gelöscht.
2024-03-29 22:54:30,530 - INFO - MI-VVZ - User  hat Semester Wintersemester 2024/25 gelöscht.
2024-03-29 22:55:47,550 - INFO - MI-VVZ - User  hat Semester Wintersemester 2024/25 gelöscht.
2024-03-29 22:59:08,785 - INFO - MI-VVZ - User  hat Semester Wintersemester 2024/25 gelöscht.
2024-03-29 23:18:49,344 - INFO - MI-VVZ - User  hat Semester Wintersemester 2024/25 gelöscht.
2024-03-29 23:25:26,381 - INFO - MI-VVZ - User  hat Semester Wintersemester 2024/25 gelöscht.
2024-03-29 23:27:47,345 - INFO - MI-VVZ - User  hat Semester Wintersemester 2024/25 gelöscht.
2024-03-29 23:29:31,639 - INFO - MI-VVZ - User  hat Semester Winter 2024 gelöscht.
2024-03-29 23:30:54,493 - INFO - MI-VVZ - User  hat Semester Wintersemester 2024/25 gelöscht.
2024-03-29 23:32:24,936 - INFO - MI-VVZ - User  hat Semester  gelöscht.
2024-03-29 23:38:25,209 - INFO - MI-VVZ - User  hat Semester WS2024 gelöscht.
2024-03-29 23:39:54,199 - INFO - MI-VVZ - User  hat Semester W"2024 gelöscht.
2024-03-29 23:42:24,448 - INFO - MI-VVZ - User  hat Semester WS24 gelöscht.
2024-03-29 23:56:55,776 - INFO - MI-VVZ - User  hat Semester WS24 gelöscht.
2024-03-29 23:59:21,249 - INFO - MI-VVZ - User  hat Semester WS24 gelöscht.
2024-03-30 00:07:49,393 - INFO - MI-VVZ - User  hat Semester ws224 gelöscht.
2024-03-30 00:10:54,980 - INFO - MI-VVZ - User  hat Semester WS24 gelöscht.
2024-03-30 00:12:31,889 - INFO - MI-VVZ - User  hat Semester WS24 gelöscht.
2024-03-30 00:14:02,878 - INFO - MI-VVZ - User  hat Semester WS24 gelöscht.
2024-03-30 00:14:48,309 - INFO - MI-VVZ - User  hat Semester WS24 gelöscht.
2024-03-30 00:18:49,874 - INFO - MI-VVZ - User  hat Semester 2024ws gelöscht.
2024-03-30 00:24:48,862 - INFO - MI-VVZ - User  hat Semester 2024ws gelöscht.
2024-03-30 00:31:09,653 - INFO - MI-VVZ - User  hat Semester 2024ws gelöscht.
2024-03-30 00:32:03,619 - INFO - MI-VVZ - User  hat Semester  gelöscht.
2024-03-30 00:35:48,542 - INFO - MI-VVZ - User  hat Semester  gelöscht.
2024-03-30 00:36:41,322 - INFO - MI-VVZ - User  hat Semester  gelöscht.
2024-03-30 00:44:39,510 - INFO - MI-VVZ - User  hat Semester  gelöscht.
2024-03-30 00:45:09,780 - INFO - MI-VVZ - User  hat Semester  gelöscht.
2024-03-30 00:45:12,106 - INFO - MI-VVZ - User  hat Semester  gelöscht.
2024-03-30 14:00:14,459 - INFO - MI-VVZ - User  hat Semester ws gelöscht.
