\BOOKMARK [1][-]{section*.1}{Hinweise}{}% 1
\BOOKMARK [2][-]{section*.2}{Studienplanung}{section*.1}% 2
\BOOKMARK [2][-]{section*.3}{Sprache}{section*.1}% 3
\BOOKMARK [2][-]{section*.4}{Verwendbarkeit von Veranstaltungen}{section*.1}% 4
\BOOKMARK [2][-]{section*.5}{Studien- und Pr\374fungsleistungen}{section*.1}% 5
\BOOKMARK [2][-]{section*.6}{Arbeitsgebiete f\374r Abschlussarbeiten}{section*.1}% 6
\BOOKMARK [2][-]{section*.7}{Angebote der EUCOR-Partnerhochschulen}{section*.1}% 7
\BOOKMARK [1][-]{section*.18}{1a. Einf\374hrende Pflichtvorlesungen der verschiedenen Studieng\344nge}{}% 8
\BOOKMARK [2][-]{section*.19}{Analysis I \(Michael Ru\236icka\)}{section*.18}% 9
\BOOKMARK [2][-]{section*.24}{Lineare Algebra I \(Stefan Kebekus\)}{section*.18}% 10
\BOOKMARK [2][-]{section*.29}{Numerik I \(S\366ren Bartels\)}{section*.18}% 11
\BOOKMARK [2][-]{section*.35}{Stochastik I \(Angelika Rohde\)}{section*.18}% 12
\BOOKMARK [2][-]{section*.40}{Erweiterung der Analysis \(Nadine Gro\337e\)}{section*.18}% 13
\BOOKMARK [2][-]{section*.45}{Basics in Applied Mathematics \(Moritz Diehl, Patrick Dondl, Angelika Rohde\)}{section*.18}% 14
\BOOKMARK [1][-]{section*.50}{1b. Weiterf\374hrende vierst\374ndige Vorlesungen}{}% 15
\BOOKMARK [2][-]{section*.51}{Algebra und Zahlentheorie \(Wolfgang Soergel\)}{section*.50}% 16
\BOOKMARK [2][-]{section*.56}{Algebraische Zahlentheorie \(Abhishek Oswal\)}{section*.50}% 17
\BOOKMARK [2][-]{section*.61}{Analysis III \(Patrick Dondl\)}{section*.50}% 18
\BOOKMARK [2][-]{section*.65}{Differentialgeometrie \(Sebastian Goette\)}{section*.50}% 19
\BOOKMARK [2][-]{section*.71}{Einf\374hrung in partielle Differentialgleichungen \(Guofang Wang\)}{section*.50}% 20
\BOOKMARK [2][-]{section*.76}{Einf\374hrung in Theorie und Numerik Partieller Differentialgleichungen \(S\366ren Bartels\)}{section*.50}% 21
\BOOKMARK [2][-]{section*.81}{Funktionentheorie \(David Criens\)}{section*.50}% 22
\BOOKMARK [2][-]{section*.85}{Mathematische Statistik \(Ernst August v. Hammerstein\)}{section*.50}% 23
\BOOKMARK [2][-]{section*.90}{Mengenlehre: Unabh\344ngigkeitsbeweise \(Maxwell Levine\)}{section*.50}% 24
\BOOKMARK [2][-]{section*.95}{Semi-algebraische Geometrie \(Annette Huber-Klawitter, Amador Mart\355n Pizarro\)}{section*.50}% 25
\BOOKMARK [2][-]{section*.100}{Theorie und Numerik for Partieller Differentialgleichungen \205 Nichtlineare Probleme \(S\366ren Bartels, Patrick Dondl\)}{section*.50}% 26
\BOOKMARK [2][-]{section*.106}{Wahrscheinlichkeitstheorie II \(Stochastische Prozesse\) \(Peter Pfaffelhuber\)}{section*.50}% 27
\BOOKMARK [2][-]{section*.112}{Wahrscheinlichkeitstheorie III \(Stochastische Integration und Finanzmathematik\) \(Thorsten Schmidt\)}{section*.50}% 28
\BOOKMARK [2][-]{section*.117}{Lesekurse \214Wissenschaftliches Arbeiten\215 \040\(Alle Dozent:inn:en der Mathematik\)}{section*.50}% 29
\BOOKMARK [1][-]{section*.120}{1c. Weiterf\374hrende zweist\374ndige Vorlesungen}{}% 30
\BOOKMARK [2][-]{section*.121}{Functions of Bounded Variation and Sets of Finite Perimeter \(Xuwen Zhang\)}{section*.120}% 31
\BOOKMARK [2][-]{section*.126}{Futures and Options \(Eva L\374tkebohmert-Holtz\)}{section*.120}% 32
\BOOKMARK [2][-]{section*.132}{Lie-Gruppen und symmetrische R\344ume \(Maximilian Stegemeyer\)}{section*.120}% 33
\BOOKMARK [2][-]{section*.137}{Markov-Ketten \(David Criens\)}{section*.120}% 34
\BOOKMARK [2][-]{section*.142}{Ma\337theorie \(Peter Pfaffelhuber\)}{section*.120}% 35
\BOOKMARK [2][-]{section*.148}{Mathematische Physik \(Wolfgang Soergel\)}{section*.120}% 36
\BOOKMARK [2][-]{section*.153}{Numerische Approximation stochastischer Differentialgleichungen \(Diyora Salimova\)}{section*.120}% 37
\BOOKMARK [2][-]{section*.158}{Numerical Optimal Control \(Moritz Diehl\)}{section*.120}% 38
\BOOKMARK [1][-]{section*.164}{2a. Fachdidaktik}{}% 39
\BOOKMARK [2][-]{section*.165}{Einf\374hrung in die Fachdidaktik der Mathematik \(Katharina B\366cherer-Linder\)}{section*.164}% 40
\BOOKMARK [2][-]{section*.170}{Didaktik der Funktionen und der Analysis \(Katharina B\366cherer-Linder\)}{section*.164}% 41
\BOOKMARK [2][-]{section*.176}{Didaktik der Stochastik und der Algebra \(Anika Dreher\)}{section*.164}% 42
\BOOKMARK [2][-]{section*.182}{Fachdidaktikseminar: Medieneinsatz im Mathematikunterricht \(J\374rgen Kury\)}{section*.164}% 43
\BOOKMARK [2][-]{section*.186}{Fachdidaktikseminare der PH Freiburg \(Dozent:inn:en der PH Freiburg\)}{section*.164}% 44
\BOOKMARK [2][-]{section*.191}{Modul ''Fachdidaktische Forschung'': \(Dozent:inn:en der PH Freiburg, Frank Reinhold\)}{section*.164}% 45
\BOOKMARK [1][-]{section*.195}{2b. Tutoratsmodul}{}% 46
\BOOKMARK [2][-]{section*.196}{Lernen durch Lehren \(Susanne Knies\)}{section*.195}% 47
\BOOKMARK [1][-]{section*.200}{2c. Praktische \334bungen}{}% 48
\BOOKMARK [2][-]{section*.201}{Praktische \334bung zu Einf\374hrung in Theorie und Numerik Partieller Differentialgleichungen \(S\366ren Bartels\)}{section*.200}% 49
\BOOKMARK [2][-]{section*.205}{Praktische \334bung zu Numerik \(S\366ren Bartels\)}{section*.200}% 50
\BOOKMARK [1][-]{section*.209}{3a. Proseminare}{}% 51
\BOOKMARK [2][-]{section*.210}{Gew\366hnliche Differentialgleichungen und Anwendungen \(Susanne Knies, Ludwig Striet\)}{section*.209}% 52
\BOOKMARK [2][-]{section*.215}{Ein Streifzug durch die Mathematik \(Angelika Rohde\)}{section*.209}% 53
\BOOKMARK [2][-]{section*.220}{Proseminar zur Algebra \(Wolfgang Soergel\)}{section*.209}% 54
\BOOKMARK [1][-]{section*.224}{3b. Seminare}{}% 55
\BOOKMARK [2][-]{section*.225}{Knotentheorie \(Ernst August v. Hammerstein\)}{section*.224}% 56
\BOOKMARK [2][-]{section*.231}{Maschinelles Lernen und Stochastische Analysis \(Thorsten Schmidt\)}{section*.224}% 57
\BOOKMARK [2][-]{section*.236}{Machine-Learning Methods in the Approximation of PDEs \(S\366ren Bartels\)}{section*.224}% 58
\BOOKMARK [2][-]{section*.242}{Medical Data Science \(Harald Binder\)}{section*.224}% 59
\BOOKMARK [2][-]{section*.248}{Minimalfl\344chen \(Guofang Wang\)}{section*.224}% 60
\BOOKMARK [2][-]{section*.254}{Seminar zur algebraischen Topologie \(Sebastian Goette\)}{section*.224}% 61
\BOOKMARK [2][-]{section*.259}{Theorie der nicht-kommutativen Algebren \(Annette Huber-Klawitter\)}{section*.224}% 62
