\BOOKMARK [1][-]{section*.1}{Hinweise}{}% 1
\BOOKMARK [1][-]{section*.2}{1a. Mandatory Lectures of the Study Programmes}{}% 2
\BOOKMARK [2][-]{section*.3}{Analysis I \(Michael Ru\236icka\)}{section*.2}% 3
\BOOKMARK [2][-]{section*.8}{Linear Algebra I \(Stefan Kebekus\)}{section*.2}% 4
\BOOKMARK [2][-]{section*.13}{Numerics I \(S\366ren Bartels\)}{section*.2}% 5
\BOOKMARK [2][-]{section*.19}{Elementary Probability Theory I \(Angelika Rohde\)}{section*.2}% 6
\BOOKMARK [2][-]{section*.24}{Further Chapters in Analysis \(Nadine Gro\337e\)}{section*.2}% 7
\BOOKMARK [2][-]{section*.29}{Basics in Applied Mathematics \(Moritz Diehl, Patrick Dondl, Angelika Rohde\)}{section*.2}% 8
\BOOKMARK [1][-]{section*.34}{1b. Advanced 4-hour Lectures}{}% 9
\BOOKMARK [2][-]{section*.35}{Algebra and Number Theory \(Wolfgang Soergel\)}{section*.34}% 10
\BOOKMARK [2][-]{section*.40}{Algebraic Number Theory \(Abhishek Oswal\)}{section*.34}% 11
\BOOKMARK [2][-]{section*.45}{Analysis III \(Patrick Dondl\)}{section*.34}% 12
\BOOKMARK [2][-]{section*.49}{Differential Geometry \(Sebastian Goette\)}{section*.34}% 13
\BOOKMARK [2][-]{section*.55}{Introduction to Partial Differential Equations \(Guofang Wang\)}{section*.34}% 14
\BOOKMARK [2][-]{section*.60}{Introduction to Theory and Numerics of Partial Differential Equations \(S\366ren Bartels\)}{section*.34}% 15
\BOOKMARK [2][-]{section*.65}{Complex Analysis \(David Criens\)}{section*.34}% 16
\BOOKMARK [2][-]{section*.69}{Mathematical Statistics \(Ernst August v. Hammerstein\)}{section*.34}% 17
\BOOKMARK [2][-]{section*.74}{Set Theory \205 Independence Proofs \(Maxwell Levine\)}{section*.34}% 18
\BOOKMARK [2][-]{section*.79}{Semi-Algebraic Geometry \(Annette Huber-Klawitter, Amador Mart\355n Pizarro\)}{section*.34}% 19
\BOOKMARK [2][-]{section*.84}{Theory and Numerics for Partial Differential Equations \205 Nonlinear Problems \(S\366ren Bartels, Patrick Dondl\)}{section*.34}% 20
\BOOKMARK [2][-]{section*.90}{Stochastic Processes \(Probability Theory II\) \(Peter Pfaffelhuber\)}{section*.34}% 21
\BOOKMARK [2][-]{section*.96}{Stochastic Integration and Financial Mathematics \(Probability Theory III\) \(Thorsten Schmidt\)}{section*.34}% 22
\BOOKMARK [2][-]{section*.101}{Reading courses \(Alle Dozent:inn:en der Mathematik\)}{section*.34}% 23
\BOOKMARK [1][-]{section*.104}{1c. Advanced 2-hour Lectures}{}% 24
\BOOKMARK [2][-]{section*.105}{Functions of Bounded Variation and Sets of Finite Perimeter \(Xuwen Zhang\)}{section*.104}% 25
\BOOKMARK [2][-]{section*.110}{Futures and Options \(Eva L\374tkebohmert-Holtz\)}{section*.104}% 26
\BOOKMARK [2][-]{section*.116}{Lie Groups and Symmetric Spaces \(Maximilian Stegemeyer\)}{section*.104}% 27
\BOOKMARK [2][-]{section*.121}{Markov Chains \(David Criens\)}{section*.104}% 28
\BOOKMARK [2][-]{section*.126}{Measure Theory \(Peter Pfaffelhuber\)}{section*.104}% 29
\BOOKMARK [2][-]{section*.132}{Mathematical Physics \(Wolfgang Soergel\)}{section*.104}% 30
\BOOKMARK [2][-]{section*.137}{Numerical Approximation of Stochastic Differential Equations \(Diyora Salimova\)}{section*.104}% 31
\BOOKMARK [2][-]{section*.142}{Numerical Optimal Control \(Moritz Diehl\)}{section*.104}% 32
\BOOKMARK [1][-]{section*.148}{2a. Mathematics Education}{}% 33
\BOOKMARK [2][-]{section*.149}{Introduction to Mathematics Education \(Katharina B\366cherer-Linder\)}{section*.148}% 34
\BOOKMARK [2][-]{section*.154}{Mathematics Education \205 Functions and Analysis \(Katharina B\366cherer-Linder\)}{section*.148}% 35
\BOOKMARK [2][-]{section*.160}{Mathematics Education \205 Probability Theory and Algebra \(Anika Dreher\)}{section*.148}% 36
\BOOKMARK [2][-]{section*.166}{Mathematics education seminar: Media Use in Teaching Mathematics \(J\374rgen Kury\)}{section*.148}% 37
\BOOKMARK [2][-]{section*.170}{Mathematics education seminars at Freiburg University of Education \(Dozent:inn:en der PH Freiburg\)}{section*.148}% 38
\BOOKMARK [2][-]{section*.175}{Module ''Research in Mathematics Education'': \(Dozent:inn:en der PH Freiburg, Frank Reinhold\)}{section*.148}% 39
\BOOKMARK [1][-]{section*.179}{2b. Tutorial Module}{}% 40
\BOOKMARK [2][-]{section*.180}{Learning by Teaching \(Susanne Knies\)}{section*.179}% 41
\BOOKMARK [1][-]{section*.184}{2c. Computer Exercises}{}% 42
\BOOKMARK [2][-]{section*.185}{Computer exercises for Introduction to Theory and Numerics of Partial Differential Equations \(S\366ren Bartels\)}{section*.184}% 43
\BOOKMARK [2][-]{section*.189}{Computer exercises in Numerics \(S\366ren Bartels\)}{section*.184}% 44
\BOOKMARK [1][-]{section*.193}{3a. Undergraduate Seminars}{}% 45
\BOOKMARK [2][-]{section*.194}{Ordinary Differential Equations and Applications \(Susanne Knies, Ludwig Striet\)}{section*.193}% 46
\BOOKMARK [2][-]{section*.199}{A Ramble through Mathematics \(Angelika Rohde\)}{section*.193}% 47
\BOOKMARK [2][-]{section*.204}{Undergraduate seminar in Algebra \(Wolfgang Soergel\)}{section*.193}% 48
\BOOKMARK [1][-]{section*.208}{3b. Seminars}{}% 49
\BOOKMARK [2][-]{section*.209}{Knot Theory \(Ernst August v. Hammerstein\)}{section*.208}% 50
\BOOKMARK [2][-]{section*.215}{Machine Learning and Stochastic Analysis \(Thorsten Schmidt\)}{section*.208}% 51
\BOOKMARK [2][-]{section*.220}{Machine-Learning Methods in the Approximation of PDEs \(S\366ren Bartels\)}{section*.208}% 52
\BOOKMARK [2][-]{section*.226}{Medical Data Science \(Harald Binder\)}{section*.208}% 53
\BOOKMARK [2][-]{section*.232}{Minimal Surfaces \(Guofang Wang\)}{section*.208}% 54
\BOOKMARK [2][-]{section*.238}{Seminar on Algebraic Topology \(Sebastian Goette\)}{section*.208}% 55
\BOOKMARK [2][-]{section*.243}{Theory of Non-Commutative Algebras \(Annette Huber-Klawitter\)}{section*.208}% 56
